

*******************************************************************************
Mon Mar 22 11:17:21 2021


FIT:    data read from "fibonacci.dat"
        format = z
        #datapoints = 26
        residuals are weighted equally (unit weight)

function used for fitting: f(x)
	f(x) = a0*1.68**x
fitted parameters initialized with current variable values

iter      chisq       delta/lim  lambda   a0           
   0 1.0959835191e+23   0.00e+00  6.49e+10    1.000000e+00
   5 1.3585474904e+01  -3.53e-09  6.49e+05    3.674852e-10

After 5 iterations the fit converged.
final sum of squares of residuals : 13.5855
rel. change during last iteration : -3.53036e-14

degrees of freedom    (FIT_NDF)                        : 25
rms of residuals      (FIT_STDFIT) = sqrt(WSSR/ndf)    : 0.73717
variance of residuals (reduced chisquare) = WSSR/ndf   : 0.543419

Final set of parameters            Asymptotic Standard Error
=======================            ==========================
a0              = 3.67485e-10      +/- 2.227e-12    (0.6059%)


*******************************************************************************
Mon Mar 22 11:22:44 2021


FIT:    data read from "hanoi.dat"
        format = z
        #datapoints = 34
        residuals are weighted equally (unit weight)

function used for fitting: f(x)
	f(x) = a0*2**x
fitted parameters initialized with current variable values

iter      chisq       delta/lim  lambda   a0           
   0 8.2084865722e+03   0.00e+00  1.25e+00    3.674852e-10
   4 1.5794601939e-02  -4.39e-11  1.25e-04    4.934600e-09

After 4 iterations the fit converged.
final sum of squares of residuals : 0.0157946
rel. change during last iteration : -4.39321e-16

degrees of freedom    (FIT_NDF)                        : 33
rms of residuals      (FIT_STDFIT) = sqrt(WSSR/ndf)    : 0.0218775
variance of residuals (reduced chisquare) = WSSR/ndf   : 0.000478624

Final set of parameters            Asymptotic Standard Error
=======================            ==========================
a0              = 4.9346e-09       +/- 1.103e-12    (0.02235%)


*******************************************************************************
Mon Mar 22 11:26:20 2021


FIT:    data read from "fibonacci.dat"
        format = z
        #datapoints = 26
        residuals are weighted equally (unit weight)

function used for fitting: f(x)
	f(x) = a0*x**2+a1*x+a2
fitted parameters initialized with current variable values

iter      chisq       delta/lim  lambda   a0            a1            a2           
   0 2.1154599909e+04   0.00e+00  1.73e+01    4.934600e-09   1.000000e+00   1.000000e+00
   4 1.0349844762e+04  -2.84e-02  1.73e-03    1.004836e-08   7.387173e-01  -1.221183e+01

After 4 iterations the fit converged.
final sum of squares of residuals : 10349.8
rel. change during last iteration : -2.8448e-07

degrees of freedom    (FIT_NDF)                        : 23
rms of residuals      (FIT_STDFIT) = sqrt(WSSR/ndf)    : 21.213
variance of residuals (reduced chisquare) = WSSR/ndf   : 449.993

Final set of parameters            Asymptotic Standard Error
=======================            ==========================
a0              = 1.00484e-08      +/- 0.02072      (2.062e+08%)
a1              = 0.738717         +/- 1.112        (150.6%)
a2              = -12.2118         +/- 12.51        (102.5%)

correlation matrix of the fit parameters:
                a0     a1     a2     
a0              1.000 
a1             -0.968  1.000 
a2              0.747 -0.867  1.000 


*******************************************************************************
Mon Mar 22 11:28:10 2021


FIT:    data read from "hanoi.dat"
        format = z
        #datapoints = 34
        residuals are weighted equally (unit weight)

function used for fitting: f(x)
	f(x) = a0*x**2+a1*x+a2
fitted parameters initialized with current variable values

iter      chisq       delta/lim  lambda   a0            a1            a2           
   0 7.2622575120e+03   0.00e+00  1.11e+01    1.004836e-08   7.387173e-01  -1.221183e+01
   3 6.6294350529e+03  -1.64e-04  1.11e-02    1.025369e-08   8.027033e-01  -9.063288e+00

After 3 iterations the fit converged.
final sum of squares of residuals : 6629.44
rel. change during last iteration : -1.63904e-09

degrees of freedom    (FIT_NDF)                        : 31
rms of residuals      (FIT_STDFIT) = sqrt(WSSR/ndf)    : 14.6237
variance of residuals (reduced chisquare) = WSSR/ndf   : 213.853

Final set of parameters            Asymptotic Standard Error
=======================            ==========================
a0              = 1.02537e-08      +/- 0.02917      (2.845e+08%)
a1              = 0.802703         +/- 1.052        (131.1%)
a2              = -9.06329         +/- 7.989        (88.15%)

correlation matrix of the fit parameters:
                a0     a1     a2     
a0              1.000 
a1             -0.970  1.000 
a2              0.767 -0.880  1.000 
